<?xml version="1.0" encoding="UTF-8"?>
<testsuite name="CalculatorTest" tests="1" skipped="0" failures="0" errors="0" timestamp="2022-10-11T03:57:14" hostname="HIEUTN1" time="0.154">
  <properties/>
  <testcase name="testSum()" classname="CalculatorTest" time="0.154"/>
  <system-out><![CDATA[]]></system-out>
  <system-err><![CDATA[]]></system-err>
</testsuite>
